2023-10-11 15:54:02.286 -04:00 [INF] https://localhost:7227/DataGen/Internet?ct=100
2023-10-11 15:54:08.542 -04:00 [INF] https://localhost:7227/DataGen/Internet?ct=100
2023-10-11 15:54:31.510 -04:00 [INF] https://localhost:7227/DataGen/Internet?ct=100
2023-10-11 15:54:56.345 -04:00 [INF] https://localhost:7227/DataGen/Internet?ct=100
2023-10-11 15:57:47.932 -04:00 [INF] https://localhost:7227/DataGen/Internet?ct=100
2023-10-11 15:58:49.237 -04:00 [INF] https://localhost:7227/DataGen/Internet?ct=10
2023-10-11 15:59:00.600 -04:00 [INF] https://localhost:7227/DataGen/Vehicles?ct=100
2023-10-11 21:44:31.542 -04:00 [INF] https://localhost:7227/Internet/Data?ct=100
2023-10-11 21:45:19.627 -04:00 [INF] https://localhost:7227/Internet/Data?ct=100
2023-10-11 21:45:53.132 -04:00 [INF] https://localhost:7227/Internet/Data?ct=100
2023-10-11 21:47:14.639 -04:00 [INF] https://localhost:7227/Internet/Data?ct=100
2023-10-11 21:48:31.651 -04:00 [INF] https://localhost:7227/Internet/Data?ct=100
2023-10-11 21:49:07.079 -04:00 [INF] https://localhost:7227/Internet/Data?ct=100
2023-10-11 21:49:34.631 -04:00 [INF] https://localhost:7227/Internet/Data?ct=100
2023-10-11 21:50:38.365 -04:00 [INF] https://localhost:7227/Internet/Data?ct=100
2023-10-11 21:54:13.590 -04:00 [INF] https://localhost:7227/Internet/Data?ct=100
2023-10-11 21:56:57.874 -04:00 [INF] https://localhost:7227/Internet/Data?ct=100
2023-10-11 21:57:05.618 -04:00 [INF] https://localhost:7227/Internet/Data?ct=100
2023-10-11 21:57:41.382 -04:00 [INF] https://localhost:7227/Internet/Data?ct=100
2023-10-11 21:58:21.303 -04:00 [INF] https://localhost:7227/Internet/Data?ct=100
2023-10-11 22:09:35.549 -04:00 [INF] https://localhost:7227/Internet/Data?ct=100
2023-10-11 22:10:11.558 -04:00 [INF] https://localhost:7227/Internet/Data?ct=100
2023-10-11 22:13:59.715 -04:00 [INF] https://localhost:7227/Internet/Data?ct=100
2023-10-11 22:22:57.309 -04:00 [INF] https://localhost:7227/Internet/Data?ct=100
2023-10-11 22:23:01.403 -04:00 [INF] https://localhost:7227/Internet/Data?ct=100
2023-10-12 13:54:07.029 -04:00 [INF] https://localhost:7227/Computer/Data?ct=100
2023-10-12 13:54:25.773 -04:00 [INF] https://localhost:7227/Computer/Data?ct=100
2023-10-12 14:00:22.555 -04:00 [INF] https://localhost:7227/Computer/Data?ct=100
2023-10-12 14:03:04.636 -04:00 [INF] https://localhost:7227/Computer/Data?ct=100
2023-10-12 14:05:43.669 -04:00 [INF] https://localhost:7227/Computer/Data?ct=100
2023-10-12 14:06:15.409 -04:00 [INF] https://localhost:7227/Computer/Delete
2023-10-12 14:06:39.415 -04:00 [INF] https://localhost:7227/Computer/Delete
2023-10-12 14:07:22.142 -04:00 [INF] https://localhost:7227/Computer/Delete
2023-10-12 14:07:37.425 -04:00 [INF] https://localhost:7227/Computer/Delete
2023-10-12 14:10:42.165 -04:00 [INF] https://localhost:7227/Computer/Data?ct=100
2023-10-12 14:10:56.671 -04:00 [INF] https://localhost:7227/Computer/Delete
2023-10-12 14:11:15.145 -04:00 [INF] https://localhost:7227/Computer/Data?ct=100
2023-10-12 14:12:20.564 -04:00 [INF] https://localhost:7227/Computer/Add
2023-10-12 14:12:31.107 -04:00 [INF] https://localhost:7227/Computer/Data?ct=100
